2021-11-20 13:02:51,090 [Thread-1    ] [INFO ]  Working on C:/Users/trans/Documents/eclipse.avi
2021-11-20 13:03:41,640 [Thread-1    ] [INFO ]  
2021-12-11 16:35:34,442 [Thread-1    ] [INFO ]  Working on C:/Users/trans/Desktop/kaktus.avi
2021-12-11 16:36:41,501 [Thread-1    ] [INFO ]  
2021-12-23 10:31:42,367 [Thread-1 (do] [INFO ]  Working on C:/Users/trans/Desktop/moonlapse.avi
2021-12-23 10:32:31,931 [Thread-1 (do] [INFO ]  
2021-12-31 17:14:30,482 [Thread-1 (do] [INFO ]  Working on C:/Users/trans/Desktop/Untitled.avi
2021-12-31 17:17:21,298 [Thread-1 (do] [INFO ]  
2021-12-31 19:06:08,662 [Thread-1 (do] [INFO ]  Working on C:/Users/trans/Desktop/sobesky.avi
2021-12-31 19:06:48,581 [Thread-1 (do] [INFO ]  
2021-12-31 19:07:33,307 [Thread-2 (do] [INFO ]  Working on C:/Users/trans/Desktop/sobesky.avi
2021-12-31 19:13:44,545 [Thread-2 (do] [INFO ]  
2022-01-02 19:56:04,064 [Thread-1 (do] [INFO ]  Working on C:/Users/trans/Desktop/daska_reef.avi
2022-01-02 20:05:56,123 [Thread-1 (do] [INFO ]  
2022-01-02 20:12:10,598 [Thread-2 (do] [INFO ]  Working on C:/Users/trans/Documents/daska_reef.avi_24libx265_aac130.mp4
2022-01-02 20:12:10,738 [Thread-2 (do] [INFO ]  
2022-01-02 20:12:15,363 [Thread-3 (do] [INFO ]  Working on C:/Users/trans/Documents/daska_reef.avi_24libx265_aac130.mp4
2022-01-02 20:19:20,093 [Thread-3 (do] [INFO ]  
2022-03-01 20:17:05,152 [Thread-1 (do] [INFO ]  Working on C:/Users/trans/Desktop/chata2022.avi
2022-03-01 20:17:05,422 [Thread-1 (do] [INFO ]  
2022-03-01 20:17:12,671 [Thread-2 (do] [INFO ]  Working on C:/Users/trans/Desktop/chata2022.avi
2022-03-01 21:26:07,479 [Thread-2 (do] [INFO ]  
2022-03-04 18:42:37,537 [Thread-1 (do] [INFO ]  Working on C:/Users/trans/Desktop/exp2.avi
2022-03-04 20:07:54,750 [Thread-1 (do] [INFO ]  
2022-03-05 16:58:11,707 [Thread-1 (do] [INFO ]  Working on C:/Users/trans/Desktop/snihdronchata.avi
2022-03-05 16:58:11,937 [Thread-1 (do] [INFO ]  
2022-03-05 16:58:18,992 [Thread-2 (do] [INFO ]  Working on C:/Users/trans/Desktop/snihdronchata.avi
2022-03-05 17:14:31,136 [Thread-2 (do] [INFO ]  
2022-06-07 17:50:29,967 [Thread-1 (do] [INFO ]  Working on C:/Users/trans/Desktop/trash/WhatsApp Video 2022-06-07 at 17.47.52.mp4
2022-06-07 17:50:41,025 [Thread-1 (do] [INFO ]  
2022-06-07 17:50:57,357 [Thread-2 (do] [INFO ]  Working on C:/Users/trans/Desktop/trash/WhatsApp Video 2022-06-07 at 17.47.52.mp4
2022-06-07 17:51:13,284 [Thread-2 (do] [INFO ]  
2022-06-07 17:51:25,036 [Thread-3 (do] [INFO ]  Working on C:/Users/trans/Desktop/trash/WhatsApp Video 2022-06-07 at 17.47.52.mp4
2022-06-07 17:51:41,109 [Thread-3 (do] [INFO ]  
2022-06-07 17:52:04,834 [Thread-4 (do] [INFO ]  Working on C:/Users/trans/Desktop/trash/WhatsApp Video 2022-06-07 at 17.47.52.mp4
2022-06-07 17:52:20,864 [Thread-4 (do] [INFO ]  
2022-06-07 17:52:43,620 [Thread-1 (do] [INFO ]  Working on C:/Users/trans/Desktop/trash/WhatsApp Video 2022-06-07 at 17.47.52.mp4
2022-06-07 17:53:02,540 [Thread-1 (do] [INFO ]  
2022-06-07 17:53:26,188 [Thread-2 (do] [INFO ]  Working on C:/Users/trans/Desktop/trash/vid.mp4
2022-06-07 17:53:26,380 [Thread-2 (do] [INFO ]  
2022-06-07 17:53:29,771 [Thread-3 (do] [INFO ]  Working on C:/Users/trans/Desktop/trash/vid.mp4
2022-06-07 17:53:48,959 [Thread-3 (do] [INFO ]  
2022-07-22 08:15:07,411 [Thread-1 (do] [INFO ]  Working on C:/Users/trans/Desktop/sobelapse.avi
2022-07-22 08:15:07,774 [Thread-1 (do] [INFO ]  
2022-07-22 08:15:12,848 [Thread-2 (do] [INFO ]  Working on C:/Users/trans/Desktop/sobelapse.avi
2022-07-22 08:19:32,423 [Thread-2 (do] [INFO ]  
2022-07-22 08:23:26,258 [Thread-3 (do] [INFO ]  Working on C:/Users/trans/Desktop/sobelapse.avi
2022-07-22 08:23:26,814 [Thread-3 (do] [INFO ]  
2022-07-22 08:23:44,139 [Thread-4 (do] [INFO ]  Working on C:/Users/trans/Desktop/sobelapse.avi
2022-07-22 08:23:44,310 [Thread-4 (do] [INFO ]  
2022-07-22 08:23:52,799 [Thread-5 (do] [INFO ]  Working on C:/Users/trans/Desktop/sobelapse.avi
2022-07-22 08:23:52,974 [Thread-5 (do] [INFO ]  
2022-07-22 08:24:18,680 [Thread-1 (do] [INFO ]  Working on C:/Users/trans/Desktop/sobelapse.avi
2022-07-22 08:24:18,851 [Thread-1 (do] [INFO ]  
2022-07-22 08:25:51,605 [Thread-1 (do] [INFO ]  Working on C:/Users/trans/Desktop/sobelapse.avi
2022-07-22 08:27:25,033 [Thread-1 (do] [INFO ]  
2022-07-23 12:51:42,046 [Thread-1 (do] [INFO ]  Working on C:/Users/trans/Desktop/babi/sobelapse.mp4
2022-07-23 12:52:03,852 [Thread-1 (do] [INFO ]  
2022-07-23 12:52:03,857 [Thread-1 (do] [INFO ]  Working on C:/Users/trans/Desktop/babi/sony.mpeg
2022-07-23 12:54:28,004 [Thread-1 (do] [INFO ]  
2022-07-23 12:54:28,010 [Thread-1 (do] [INFO ]  Working on C:/Users/trans/Desktop/babi/video.mpeg
2022-07-23 12:54:47,139 [Thread-1 (do] [INFO ]  
2022-07-23 12:56:29,433 [Thread-1 (do] [INFO ]  Working on C:/Users/trans/Desktop/babi/sony.mpeg
2022-07-23 12:56:29,537 [Thread-1 (do] [INFO ]  
2022-07-23 12:56:29,542 [Thread-1 (do] [INFO ]  Working on C:/Users/trans/Desktop/babi/Sumava Vanoce 2009.mpeg
2022-07-23 12:56:29,644 [Thread-1 (do] [INFO ]  
2022-07-23 12:56:29,651 [Thread-1 (do] [INFO ]  Working on C:/Users/trans/Desktop/babi/video.mpeg
2022-07-23 12:56:29,750 [Thread-1 (do] [INFO ]  
2022-07-23 12:57:24,903 [Thread-1 (do] [INFO ]  Working on C:/Users/trans/Desktop/babi/sony.mpeg
2022-07-23 12:57:25,002 [Thread-1 (do] [INFO ]  
2022-07-23 12:57:25,007 [Thread-1 (do] [INFO ]  Working on C:/Users/trans/Desktop/babi/Sumava Vanoce 2009.mpeg
2022-07-23 12:57:25,104 [Thread-1 (do] [INFO ]  
2022-07-23 12:57:25,111 [Thread-1 (do] [INFO ]  Working on C:/Users/trans/Desktop/babi/video.mpeg
2022-07-23 12:57:25,206 [Thread-1 (do] [INFO ]  
2022-07-23 12:58:58,116 [Thread-1 (do] [INFO ]  Working on C:/Users/trans/Desktop/babi/sony.avi
2022-07-23 12:58:58,326 [Thread-1 (do] [INFO ]  
2022-07-23 13:00:27,633 [Thread-1 (do] [INFO ]  Working on C:/Users/trans/Desktop/babi/sony.mpeg
2022-07-23 13:00:30,697 [Thread-1 (do] [INFO ]  
2022-07-23 13:00:48,978 [Thread-2 (do] [INFO ]  Working on C:/Users/trans/Desktop/babi/sony.mpeg
2022-07-23 13:00:49,075 [Thread-2 (do] [INFO ]  
2022-07-23 13:08:08,025 [Thread-3 (do] [INFO ]  Working on C:/Users/trans/Desktop/babi/sony.mpeg
2022-07-23 13:08:08,301 [Thread-3 (do] [INFO ]  
2022-07-23 13:08:08,307 [Thread-3 (do] [INFO ]  Working on C:/Users/trans/Desktop/babi/Sumava Vanoce 2009.mpeg
2022-07-23 13:08:08,407 [Thread-3 (do] [INFO ]  
2022-07-23 13:08:08,413 [Thread-3 (do] [INFO ]  Working on C:/Users/trans/Desktop/babi/video.mpeg
2022-07-23 13:08:08,511 [Thread-3 (do] [INFO ]  
2022-07-23 13:10:27,606 [Thread-1 (do] [INFO ]  Working on C:/Users/trans/Desktop/babi/sony.mpeg
2022-07-23 13:11:28,645 [Thread-1 (do] [INFO ]  
2022-07-23 13:11:28,650 [Thread-1 (do] [INFO ]  Working on C:/Users/trans/Desktop/babi/Sumava Vanoce 2009.mpeg
2022-07-23 13:12:29,159 [Thread-1 (do] [INFO ]  
2022-07-23 13:12:29,165 [Thread-1 (do] [INFO ]  Working on C:/Users/trans/Desktop/babi/video.mpeg
2022-07-23 13:13:29,961 [Thread-1 (do] [INFO ]  
2022-07-23 13:15:19,342 [Thread-2 (do] [INFO ]  Working on C:/Users/trans/Desktop/babi/video.mpeg
2022-07-23 13:15:56,246 [Thread-2 (do] [INFO ]  
2022-07-23 13:16:22,770 [Thread-1 (do] [INFO ]  Working on C:/Users/trans/Desktop/babi/video.mpeg
2022-07-23 13:16:22,935 [Thread-1 (do] [INFO ]  
2022-07-23 13:19:31,042 [Thread-2 (do] [INFO ]  Working on C:/Users/trans/Desktop/babi/video.mpeg
2022-07-23 13:19:31,211 [Thread-2 (do] [INFO ]  
2022-07-23 13:19:51,620 [Thread-1 (do] [INFO ]  Working on C:/Users/trans/Desktop/babi/sony.mpeg
2022-07-23 13:19:51,788 [Thread-1 (do] [INFO ]  
2022-07-23 13:20:18,472 [Thread-1 (do] [INFO ]  Working on C:/Users/trans/Desktop/babi/sony.mpeg
2022-07-23 13:21:19,377 [Thread-1 (do] [INFO ]  
